#
# There is insufficient memory for the Java Runtime Environment to continue.
# Native memory allocation (mmap) failed to map 58720256 bytes for G1 virtual space
# Possible reasons:
#   The system is out of physical RAM or swap space
#   The process is running with CompressedOops enabled, and the Java Heap may be blocking the growth of the native heap
# Possible solutions:
#   Reduce memory load on the system
#   Increase physical memory or swap space
#   Check if swap backing store is full
#   Decrease Java heap size (-Xmx/-Xms)
#   Decrease number of Java threads
#   Decrease Java thread stack sizes (-Xss)
#   Set larger code cache with -XX:ReservedCodeCacheSize=
#   JVM is running with Unscaled Compressed Oops mode in which the Java heap is
#     placed in the first 4GB address space. The Java Heap base address is the
#     maximum limit for the native heap growth. Please use -XX:HeapBaseMinAddress
#     to set the Java Heap base and to place the Java Heap above 4GB virtual address.
# This output file may be truncated or incomplete.
#
#  Out of Memory Error (os_windows.cpp:3550), pid=56568, tid=56688
#
# JRE version:  (17.0.8+9) (build )
# Java VM: Java HotSpot(TM) 64-Bit Server VM (17.0.8+9-LTS-211, mixed mode, sharing, tiered, compressed oops, compressed class ptrs, g1 gc, windows-amd64)
# No core dump will be written. Minidumps are not enabled by default on client versions of Windows
#

---------------  S U M M A R Y ------------

Command Line: -Dfile.encoding=UTF-8 --module-path=C:\Users\AAKASH\Documents\NetBeansProjects\bank management system\build\classes bank.management.system.SignupOne

Host: AMD E2-7110 APU with AMD Radeon R2 Graphics    , 4 cores, 3G,  Windows 10 , 64 bit Build 18362 (10.0.18362.1500)
Time: Sat Jun 22 14:31:25 2024 India Standard Time elapsed time: 0.566645 seconds (0d 0h 0m 0s)

---------------  T H R E A D  ---------------

Current thread (0x000001d3be7837b0):  JavaThread "Unknown thread" [_thread_in_vm, id=56688, stack(0x00000073f3f00000,0x00000073f4000000)]

Stack: [0x00000073f3f00000,0x00000073f4000000]
Native frames: (J=compiled Java code, j=interpreted, Vv=VM code, C=native code)
V  [jvm.dll+0x677d0a]
V  [jvm.dll+0x7d8c54]
V  [jvm.dll+0x7da3fe]
V  [jvm.dll+0x7daa63]
V  [jvm.dll+0x245c5f]
V  [jvm.dll+0x674bb9]
V  [jvm.dll+0x6694f2]
V  [jvm.dll+0x3031d6]
V  [jvm.dll+0x30a756]
V  [jvm.dll+0x359f9e]
V  [jvm.dll+0x35a1cf]
V  [jvm.dll+0x2da3e8]
V  [jvm.dll+0x2db354]
V  [jvm.dll+0x7aa711]
V  [jvm.dll+0x367b51]
V  [jvm.dll+0x789979]
V  [jvm.dll+0x3eb05f]
V  [jvm.dll+0x3ecae1]
C  [jli.dll+0x5297]
C  [ucrtbase.dll+0x210b2]
C  [KERNEL32.DLL+0x17c24]
C  [ntdll.dll+0x6d721]


---------------  P R O C E S S  ---------------

Threads class SMR info:
_java_thread_list=0x00007ffb361959d8, length=0, elements={
}

Java Threads: ( => current thread )

Other Threads:
  0x000001d3be7bd1a0 GCTaskThread "GC Thread#0" [stack: 0x00000073f4000000,0x00000073f4100000] [id=56736]
  0x000001d3be7c4fe0 ConcurrentGCThread "G1 Main Marker" [stack: 0x00000073f4100000,0x00000073f4200000] [id=56740]
  0x000001d3be7c6190 ConcurrentGCThread "G1 Conc#0" [stack: 0x00000073f4200000,0x00000073f4300000] [id=56732]

[error occurred during error reporting (printing all threads), id 0xc0000005, EXCEPTION_ACCESS_VIOLATION (0xc0000005) at pc=0x00007ffb359cb047]

VM state: not at safepoint (not fully initialized)

VM Mutex/Monitor currently owned by a thread:  ([mutex/lock_event])
[0x000001d3be780530] Heap_lock - owner thread: 0x000001d3be7837b0

Heap address: 0x00000000c8800000, size: 888 MB, Compressed Oops mode: 32-bit

CDS archive(s) mapped at: [0x0000000000000000-0x0000000000000000-0x0000000000000000), size 0, SharedBaseAddress: 0x0000000800000000, ArchiveRelocationMode: 1.
Narrow klass base: 0x0000000000000000, Narrow klass shift: 0, Narrow klass range: 0x0

GC Precious Log:
<Empty>

Heap:
 garbage-first heap   total 0K, used 0K [0x00000000c8800000, 0x0000000100000000)
  region size 1024K, 0 young (0K), 0 survivors (0K)

[error occurred during error reporting (printing heap information), id 0xc0000005, EXCEPTION_ACCESS_VIOLATION (0xc0000005) at pc=0x00007ffb35db1499]

GC Heap History (0 events):
No events

Deoptimization events (0 events):
No events

Classes unloaded (0 events):
No events

Classes redefined (0 events):
No events

Internal exceptions (0 events):
No events

VM Operations (0 events):
No events

Events (1 events):
Event: 0.355 Loaded shared library C:\Program Files\Java\jdk-17\bin\java.dll


Dynamic libraries:
0x00007ff67e750000 - 0x00007ff67e760000 	C:\Program Files\Java\jdk-17\bin\java.exe
0x00007ffb652a0000 - 0x00007ffb65490000 	C:\WINDOWS\SYSTEM32\ntdll.dll
0x00007ffb636e0000 - 0x00007ffb63792000 	C:\WINDOWS\System32\KERNEL32.DLL
0x00007ffb62310000 - 0x00007ffb625b5000 	C:\WINDOWS\System32\KERNELBASE.dll
0x00007ffb62210000 - 0x00007ffb6230a000 	C:\WINDOWS\System32\ucrtbase.dll
0x00007ffb5cbf0000 - 0x00007ffb5cc09000 	C:\Program Files\Java\jdk-17\bin\jli.dll
0x00007ffb602a0000 - 0x00007ffb602bb000 	C:\Program Files\Java\jdk-17\bin\VCRUNTIME140.dll
0x00007ffb642a0000 - 0x00007ffb64343000 	C:\WINDOWS\System32\ADVAPI32.dll
0x00007ffb64570000 - 0x00007ffb6460e000 	C:\WINDOWS\System32\msvcrt.dll
0x00007ffb634a0000 - 0x00007ffb63537000 	C:\WINDOWS\System32\sechost.dll
0x00007ffb643f0000 - 0x00007ffb6450f000 	C:\WINDOWS\System32\RPCRT4.dll
0x00007ffb647b0000 - 0x00007ffb64944000 	C:\WINDOWS\System32\USER32.dll
0x00007ffb62e70000 - 0x00007ffb62e91000 	C:\WINDOWS\System32\win32u.dll
0x00007ffb643c0000 - 0x00007ffb643e6000 	C:\WINDOWS\System32\GDI32.dll
0x00007ffb62fa0000 - 0x00007ffb63138000 	C:\WINDOWS\System32\gdi32full.dll
0x00007ffb62dd0000 - 0x00007ffb62e6e000 	C:\WINDOWS\System32\msvcp_win.dll
0x00007ffb58130000 - 0x00007ffb583b4000 	C:\WINDOWS\WinSxS\amd64_microsoft.windows.common-controls_6595b64144ccf1df_6.0.18362.1556_none_9e7e372fe45e41d5\COMCTL32.dll
0x00007ffb63f60000 - 0x00007ffb64296000 	C:\WINDOWS\System32\combase.dll
0x00007ffb632c0000 - 0x00007ffb63341000 	C:\WINDOWS\System32\bcryptPrimitives.dll
0x00007ffb61d30000 - 0x00007ffb61d3a000 	C:\WINDOWS\SYSTEM32\VERSION.dll
0x00007ffb65220000 - 0x00007ffb6524e000 	C:\WINDOWS\System32\IMM32.DLL
0x0000000072d20000 - 0x0000000072d2c000 	C:\Program Files (x86)\360\Total Security\safemon\SafeWrapper.dll
0x00007ffb571a0000 - 0x00007ffb57232000 	C:\Program Files (x86)\360\Total Security\safemon\libzdtp64.dll
0x00007ffb63870000 - 0x00007ffb63f57000 	C:\WINDOWS\System32\SHELL32.dll
0x00007ffb62ea0000 - 0x00007ffb62eea000 	C:\WINDOWS\System32\cfgmgr32.dll
0x00007ffb64b00000 - 0x00007ffb64ba8000 	C:\WINDOWS\System32\shcore.dll
0x00007ffb62650000 - 0x00007ffb62dcb000 	C:\WINDOWS\System32\windows.storage.dll
0x00007ffb621f0000 - 0x00007ffb6220e000 	C:\WINDOWS\System32\profapi.dll
0x00007ffb621a0000 - 0x00007ffb621ea000 	C:\WINDOWS\System32\powrprof.dll
0x00007ffb62150000 - 0x00007ffb62160000 	C:\WINDOWS\System32\UMPDC.dll
0x00007ffb64510000 - 0x00007ffb64562000 	C:\WINDOWS\System32\shlwapi.dll
0x00007ffb62180000 - 0x00007ffb62191000 	C:\WINDOWS\System32\kernel.appcore.dll
0x00007ffb63140000 - 0x00007ffb63157000 	C:\WINDOWS\System32\cryptsp.dll
0x00007ffb60290000 - 0x00007ffb6029c000 	C:\Program Files\Java\jdk-17\bin\vcruntime140_1.dll
0x00007ffb56ed0000 - 0x00007ffb56f5e000 	C:\Program Files\Java\jdk-17\bin\msvcp140.dll
0x00007ffb356e0000 - 0x00007ffb362be000 	C:\Program Files\Java\jdk-17\bin\server\jvm.dll
0x00007ffb64350000 - 0x00007ffb64358000 	C:\WINDOWS\System32\PSAPI.DLL
0x00007ffb4ed90000 - 0x00007ffb4ed99000 	C:\WINDOWS\SYSTEM32\WSOCK32.dll
0x00007ffb60220000 - 0x00007ffb60244000 	C:\WINDOWS\SYSTEM32\WINMM.dll
0x00007ffb646c0000 - 0x00007ffb6472f000 	C:\WINDOWS\System32\WS2_32.dll
0x00007ffb601f0000 - 0x00007ffb6021d000 	C:\WINDOWS\SYSTEM32\winmmbase.dll
0x00007ffb5cdb0000 - 0x00007ffb5cdba000 	C:\Program Files\Java\jdk-17\bin\jimage.dll
0x00007ffb55ac0000 - 0x00007ffb55cb4000 	C:\WINDOWS\SYSTEM32\DBGHELP.DLL
0x00007ffb559e0000 - 0x00007ffb55a0a000 	C:\WINDOWS\SYSTEM32\dbgcore.DLL
0x00007ffb5ec50000 - 0x00007ffb5ec75000 	C:\Program Files\Java\jdk-17\bin\java.dll

dbghelp: loaded successfully - version: 4.0.5 - missing functions: none
symbol engine: initialized successfully - sym options: 0x614 - pdb path: .;C:\Program Files\Java\jdk-17\bin;C:\WINDOWS\SYSTEM32;C:\WINDOWS\WinSxS\amd64_microsoft.windows.common-controls_6595b64144ccf1df_6.0.18362.1556_none_9e7e372fe45e41d5;C:\Program Files (x86)\360\Total Security\safemon;C:\Program Files\Java\jdk-17\bin\server

VM Arguments:
jvm_args: -Dfile.encoding=UTF-8 --module-path=C:\Users\AAKASH\Documents\NetBeansProjects\bank management system\build\classes 
java_command: bank.management.system.SignupOne
java_class_path (initial): C:\Users\AAKASH\Documents\NetBeansProjects\jcalendar-tz-1.3.3-4.jar;C:\Users\AAKASH\Documents\NetBeansProjects\bank management system\build\classes
Launcher Type: SUN_STANDARD

[Global flags]
     intx CICompilerCount                          = 3                                         {product} {ergonomic}
     uint ConcGCThreads                            = 1                                         {product} {ergonomic}
     uint G1ConcRefinementThreads                  = 4                                         {product} {ergonomic}
   size_t G1HeapRegionSize                         = 1048576                                   {product} {ergonomic}
    uintx GCDrainStackTargetSize                   = 64                                        {product} {ergonomic}
   size_t InitialHeapSize                          = 58720256                                  {product} {ergonomic}
   size_t MarkStackSize                            = 4194304                                   {product} {ergonomic}
   size_t MaxHeapSize                              = 931135488                                 {product} {ergonomic}
   size_t MinHeapDeltaBytes                        = 1048576                                   {product} {ergonomic}
   size_t MinHeapSize                              = 8388608                                   {product} {ergonomic}
    uintx NonNMethodCodeHeapSize                   = 5832780                                {pd product} {ergonomic}
    uintx NonProfiledCodeHeapSize                  = 122912730                              {pd product} {ergonomic}
    uintx ProfiledCodeHeapSize                     = 122912730                              {pd product} {ergonomic}
    uintx ReservedCodeCacheSize                    = 251658240                              {pd product} {ergonomic}
     bool SegmentedCodeCache                       = true                                      {product} {ergonomic}
   size_t SoftMaxHeapSize                          = 931135488                              {manageable} {ergonomic}
     bool UseCompressedClassPointers               = true                           {product lp64_product} {ergonomic}
     bool UseCompressedOops                        = true                           {product lp64_product} {ergonomic}
     bool UseG1GC                                  = true                                      {product} {ergonomic}
     bool UseLargePagesIndividualAllocation        = false                                  {pd product} {ergonomic}

Logging:
Log output configuration:
 #0: stdout all=warning uptime,level,tags
 #1: stderr all=off uptime,level,tags

Environment Variables:
PATH=C:\Python312\Scripts\;C:\Python312\;C:\WINDOWS\system32;C:\WINDOWS;C:\WINDOWS\system32\Wbem;C:\Users\AAKASH\AppData\Local\Programs\Python\Python310\Scripts\;C:\Users\AAKASH\AppData\Local\Programs\Python\Python310\;C:\Program Files\Common Files\Oracle\Java\javapath;C:\Program Files\Python310\Scripts\;C:\Program Files\Python310\;C:\app\AAKASH\product\18.0.0\dbhomeXE\bin;WindowsPowerShell\v1.0;C:\WINDOWS\System32\OpenSSH\;C:\WINDOWS\System32\WindowsPowerShell\v1.0\;C:\Program Files\Java\jdk-17\bin;C:\ProgramData\chocolatey\bin;C:\Program Files\MySQL\MySQL Server 8.0\bin;C:\Program Files\MySQL\MySQL Shell 8.0\bin\;C:\Users\AAKASH\AppData\Local\Microsoft\WindowsApps;C:\Users\AAKASH\AppData\Local\Programs\Microsoft VS Code\bin
USERNAME=AAKASH
OS=Windows_NT
PROCESSOR_IDENTIFIER=AMD64 Family 22 Model 48 Stepping 1, AuthenticAMD



---------------  S Y S T E M  ---------------

OS:
 Windows 10 , 64 bit Build 18362 (10.0.18362.1500)
OS uptime: 0 days 3:16 hours

CPU: total 4 (initial active 4) (4 cores per cpu, 1 threads per core) family 22 model 48 stepping 1 microcode 0x0, cx8, cmov, fxsr, mmx, 3dnowpref, sse, sse2, sse3, ssse3, sse4a, sse4.1, sse4.2, popcnt, lzcnt, tsc, tscinvbit, avx, aes, clmul, bmi1, vzeroupper, clflush

Memory: 4k page, system-wide physical 3551M (129M free)
TotalPageFile size 14303M (AvailPageFile size 10M)
current process WorkingSet (physical memory assigned to process): 11M, peak: 11M
current process commit charge ("private bytes"): 52M, peak: 108M

vm_info: Java HotSpot(TM) 64-Bit Server VM (17.0.8+9-LTS-211) for windows-amd64 JRE (17.0.8+9-LTS-211), built on Jun 14 2023 10:34:31 by "mach5one" with MS VC++ 17.1 (VS2022)

END.
